2019-02-27 20:16:59 Notice: Deprecated (16384): Plugin::load() is deprecated. Use Application::addPlugin() instead. This method will be removed in 4.0.0. - C:\Users\Buzinaro\Teste\config\bootstrap.php, line: 194
 You can disable deprecation warnings by setting `Error.errorLevel` to `E_ALL & ~E_USER_DEPRECATED` in your config/app.php. in [C:\Users\Buzinaro\Teste\vendor\cakephp\cakephp\src\Core\functions.php, line 311]
Trace:
Cake\Error\BaseErrorHandler::handleError() - CORE\src\Error\BaseErrorHandler.php, line 159
deprecationWarning - CORE\src\Core\functions.php, line 311
Cake\Core\Plugin::load() - CORE\src\Core\Plugin.php, line 118
require_once - ROOT\config\bootstrap.php, line 194
Cake\Http\BaseApplication::bootstrap() - CORE\src\Http\BaseApplication.php, line 152
App\Application::bootstrap() - APP/Application.php, line 40
Cake\Console\CommandRunner::bootstrap() - CORE\src\Console\CommandRunner.php, line 193
Cake\Console\CommandRunner::run() - CORE\src\Console\CommandRunner.php, line 136
[main] - ROOT\bin\cake.php, line 12



2019-02-27 20:18:17 Notice: Deprecated (16384): Plugin::load() is deprecated. Use Application::addPlugin() instead. This method will be removed in 4.0.0. - C:\Users\Buzinaro\Teste\config\bootstrap.php, line: 194
 You can disable deprecation warnings by setting `Error.errorLevel` to `E_ALL & ~E_USER_DEPRECATED` in your config/app.php. in [C:\Users\Buzinaro\Teste\vendor\cakephp\cakephp\src\Core\functions.php, line 311]
Trace:
Cake\Error\BaseErrorHandler::handleError() - CORE\src\Error\BaseErrorHandler.php, line 159
deprecationWarning - CORE\src\Core\functions.php, line 311
Cake\Core\Plugin::load() - CORE\src\Core\Plugin.php, line 118
require_once - ROOT\config\bootstrap.php, line 194
Cake\Http\BaseApplication::bootstrap() - CORE\src\Http\BaseApplication.php, line 152
App\Application::bootstrap() - APP/Application.php, line 40
Cake\Console\CommandRunner::bootstrap() - CORE\src\Console\CommandRunner.php, line 193
Cake\Console\CommandRunner::run() - CORE\src\Console\CommandRunner.php, line 136
[main] - ROOT\bin\cake.php, line 12



2019-02-28 17:00:50 Notice: Deprecated (16384): Plugin::load() is deprecated. Use Application::addPlugin() instead. This method will be removed in 4.0.0. - C:\Users\Buzinaro\Teste\config\bootstrap.php, line: 194
 You can disable deprecation warnings by setting `Error.errorLevel` to `E_ALL & ~E_USER_DEPRECATED` in your config/app.php. in [C:\Users\Buzinaro\Teste\vendor\cakephp\cakephp\src\Core\functions.php, line 311]
Trace:
Cake\Error\BaseErrorHandler::handleError() - CORE\src\Error\BaseErrorHandler.php, line 159
deprecationWarning - CORE\src\Core\functions.php, line 311
Cake\Core\Plugin::load() - CORE\src\Core\Plugin.php, line 118
require_once - ROOT\config\bootstrap.php, line 194
Cake\Http\BaseApplication::bootstrap() - CORE\src\Http\BaseApplication.php, line 152
App\Application::bootstrap() - APP/Application.php, line 40
Cake\Console\CommandRunner::bootstrap() - CORE\src\Console\CommandRunner.php, line 193
Cake\Console\CommandRunner::run() - CORE\src\Console\CommandRunner.php, line 136
[main] - ROOT\bin\cake.php, line 12



2019-02-28 17:03:58 Notice: Deprecated (16384): Plugin::load() is deprecated. Use Application::addPlugin() instead. This method will be removed in 4.0.0. - C:\Users\Buzinaro\Teste\config\bootstrap.php, line: 194
 You can disable deprecation warnings by setting `Error.errorLevel` to `E_ALL & ~E_USER_DEPRECATED` in your config/app.php. in [C:\Users\Buzinaro\Teste\vendor\cakephp\cakephp\src\Core\functions.php, line 311]
Trace:
Cake\Error\BaseErrorHandler::handleError() - CORE\src\Error\BaseErrorHandler.php, line 159
deprecationWarning - CORE\src\Core\functions.php, line 311
Cake\Core\Plugin::load() - CORE\src\Core\Plugin.php, line 118
require_once - ROOT\config\bootstrap.php, line 194
Cake\Http\BaseApplication::bootstrap() - CORE\src\Http\BaseApplication.php, line 152
App\Application::bootstrap() - APP/Application.php, line 40
Cake\Console\CommandRunner::bootstrap() - CORE\src\Console\CommandRunner.php, line 193
Cake\Console\CommandRunner::run() - CORE\src\Console\CommandRunner.php, line 136
[main] - ROOT\bin\cake.php, line 12



2019-02-28 17:05:55 Notice: Deprecated (16384): Plugin::load() is deprecated. Use Application::addPlugin() instead. This method will be removed in 4.0.0. - C:\Users\Buzinaro\Teste\config\bootstrap.php, line: 194
 You can disable deprecation warnings by setting `Error.errorLevel` to `E_ALL & ~E_USER_DEPRECATED` in your config/app.php. in [C:\Users\Buzinaro\Teste\vendor\cakephp\cakephp\src\Core\functions.php, line 311]
Trace:
Cake\Error\BaseErrorHandler::handleError() - CORE\src\Error\BaseErrorHandler.php, line 159
deprecationWarning - CORE\src\Core\functions.php, line 311
Cake\Core\Plugin::load() - CORE\src\Core\Plugin.php, line 118
require_once - ROOT\config\bootstrap.php, line 194
Cake\Http\BaseApplication::bootstrap() - CORE\src\Http\BaseApplication.php, line 152
App\Application::bootstrap() - APP/Application.php, line 40
Cake\Console\CommandRunner::bootstrap() - CORE\src\Console\CommandRunner.php, line 193
Cake\Console\CommandRunner::run() - CORE\src\Console\CommandRunner.php, line 136
[main] - ROOT\bin\cake.php, line 12



2019-02-28 17:06:09 Notice: Deprecated (16384): Plugin::load() is deprecated. Use Application::addPlugin() instead. This method will be removed in 4.0.0. - C:\Users\Buzinaro\Teste\config\bootstrap.php, line: 194
 You can disable deprecation warnings by setting `Error.errorLevel` to `E_ALL & ~E_USER_DEPRECATED` in your config/app.php. in [C:\Users\Buzinaro\Teste\vendor\cakephp\cakephp\src\Core\functions.php, line 311]
Trace:
Cake\Error\BaseErrorHandler::handleError() - CORE\src\Error\BaseErrorHandler.php, line 159
deprecationWarning - CORE\src\Core\functions.php, line 311
Cake\Core\Plugin::load() - CORE\src\Core\Plugin.php, line 118
require_once - ROOT\config\bootstrap.php, line 194
Cake\Http\BaseApplication::bootstrap() - CORE\src\Http\BaseApplication.php, line 152
App\Application::bootstrap() - APP/Application.php, line 40
Cake\Console\CommandRunner::bootstrap() - CORE\src\Console\CommandRunner.php, line 193
Cake\Console\CommandRunner::run() - CORE\src\Console\CommandRunner.php, line 136
[main] - ROOT\bin\cake.php, line 12



2019-02-28 17:06:46 Notice: Deprecated (16384): Plugin::load() is deprecated. Use Application::addPlugin() instead. This method will be removed in 4.0.0. - C:\Users\Buzinaro\Teste\config\bootstrap.php, line: 194
 You can disable deprecation warnings by setting `Error.errorLevel` to `E_ALL & ~E_USER_DEPRECATED` in your config/app.php. in [C:\Users\Buzinaro\Teste\vendor\cakephp\cakephp\src\Core\functions.php, line 311]
Trace:
Cake\Error\BaseErrorHandler::handleError() - CORE\src\Error\BaseErrorHandler.php, line 159
deprecationWarning - CORE\src\Core\functions.php, line 311
Cake\Core\Plugin::load() - CORE\src\Core\Plugin.php, line 118
require_once - ROOT\config\bootstrap.php, line 194
Cake\Http\BaseApplication::bootstrap() - CORE\src\Http\BaseApplication.php, line 152
App\Application::bootstrap() - APP/Application.php, line 40
Cake\Console\CommandRunner::bootstrap() - CORE\src\Console\CommandRunner.php, line 193
Cake\Console\CommandRunner::run() - CORE\src\Console\CommandRunner.php, line 136
[main] - ROOT\bin\cake.php, line 12



