2019-02-26 18:24:57 Error: [Cake\Database\Exception] Cannot describe teacher. It has 0 columns. in C:\Users\Buzinaro\Teste\vendor\cakephp\cakephp\src\Database\Schema\Collection.php on line 99
Stack Trace:
#0 C:\Users\Buzinaro\Teste\vendor\cakephp\cakephp\src\Database\Schema\CachedCollection.php(63): Cake\Database\Schema\Collection->describe('teacher', Array)
#1 C:\Users\Buzinaro\Teste\vendor\cakephp\cakephp\src\ORM\Table.php(555): Cake\Database\Schema\CachedCollection->describe('teacher')
#2 C:\Users\Buzinaro\Teste\vendor\cakephp\cakephp\src\ORM\Table.php(680): Cake\ORM\Table->getSchema()
#3 C:\Users\Buzinaro\Teste\vendor\cakephp\bake\src\Shell\Task\ModelTask.php(221): Cake\ORM\Table->getPrimaryKey()
#4 C:\Users\Buzinaro\Teste\vendor\cakephp\bake\src\Shell\Task\ModelTask.php(131): Bake\Shell\Task\ModelTask->getAssociations(Object(Cake\ORM\Table))
#5 C:\Users\Buzinaro\Teste\vendor\cakephp\bake\src\Shell\Task\ModelTask.php(114): Bake\Shell\Task\ModelTask->getTableContext(Object(Cake\ORM\Table), 'teacher', 'Teacher')
#6 C:\Users\Buzinaro\Teste\vendor\cakephp\bake\src\Shell\Task\ModelTask.php(101): Bake\Shell\Task\ModelTask->bake('Teacher')
#7 C:\Users\Buzinaro\Teste\vendor\cakephp\bake\src\Shell\BakeShell.php(279): Bake\Shell\Task\ModelTask->main('Teacher')
#8 C:\Users\Buzinaro\Teste\vendor\cakephp\cakephp\src\Collection\CollectionTrait.php(51): Bake\Shell\BakeShell->Bake\Shell\{closure}('Teacher', 0)
#9 C:\Users\Buzinaro\Teste\vendor\cakephp\bake\src\Shell\BakeShell.php(280): Cake\Collection\Collection->each(Object(Closure))
#10 C:\Users\Buzinaro\Teste\vendor\cakephp\cakephp\src\Console\Shell.php(518): Bake\Shell\BakeShell->all('teacher')
#11 C:\Users\Buzinaro\Teste\vendor\cakephp\cakephp\src\Console\CommandRunner.php(371): Cake\Console\Shell->runCommand(Array, true)
#12 C:\Users\Buzinaro\Teste\vendor\cakephp\cakephp\src\Console\CommandRunner.php(166): Cake\Console\CommandRunner->runShell(Object(Bake\Shell\BakeShell), Array)
#13 C:\Users\Buzinaro\Teste\bin\cake.php(12): Cake\Console\CommandRunner->run(Array)
#14 {main}


2019-02-28 17:06:09 Error: [InvalidArgumentException] There was a problem connecting to the database: SQLSTATE[08006] [7] FATAL:  database "teste_dev" does not exist in C:\Users\Buzinaro\Teste\vendor\robmorgan\phinx\src\Phinx\Db\Adapter\PostgresAdapter.php on line 76
Stack Trace:
#0 C:\Users\Buzinaro\Teste\vendor\robmorgan\phinx\src\Phinx\Db\Adapter\PdoAdapter.php(136): Phinx\Db\Adapter\PostgresAdapter->connect()
#1 C:\Users\Buzinaro\Teste\vendor\robmorgan\phinx\src\Phinx\Db\Adapter\AdapterWrapper.php(469): Phinx\Db\Adapter\PdoAdapter->getConnection()
#2 C:\Users\Buzinaro\Teste\vendor\cakephp\migrations\src\CakeAdapter.php(56): Phinx\Db\Adapter\AdapterWrapper->getConnection()
#3 C:\Users\Buzinaro\Teste\vendor\cakephp\migrations\src\Command\CommandTrait.php(78): Migrations\CakeAdapter->__construct(Object(Phinx\Db\Adapter\TimedOutputAdapter), Object(Cake\Database\Connection))
#4 C:\Users\Buzinaro\Teste\vendor\robmorgan\phinx\src\Phinx\Console\Command\Migrate.php(74): Migrations\Command\Migrate->bootstrap(Object(Symfony\Component\Console\Input\ArgvInput), Object(Symfony\Component\Console\Output\ConsoleOutput))
#5 C:\Users\Buzinaro\Teste\vendor\cakephp\migrations\src\Command\CommandTrait.php(35): Phinx\Console\Command\Migrate->execute(Object(Symfony\Component\Console\Input\ArgvInput), Object(Symfony\Component\Console\Output\ConsoleOutput))
#6 C:\Users\Buzinaro\Teste\vendor\cakephp\migrations\src\Command\Migrate.php(67): Migrations\Command\Migrate->parentExecute(Object(Symfony\Component\Console\Input\ArgvInput), Object(Symfony\Component\Console\Output\ConsoleOutput))
#7 C:\Users\Buzinaro\Teste\vendor\symfony\console\Command\Command.php(255): Migrations\Command\Migrate->execute(Object(Symfony\Component\Console\Input\ArgvInput), Object(Symfony\Component\Console\Output\ConsoleOutput))
#8 C:\Users\Buzinaro\Teste\vendor\symfony\console\Application.php(901): Symfony\Component\Console\Command\Command->run(Object(Symfony\Component\Console\Input\ArgvInput), Object(Symfony\Component\Console\Output\ConsoleOutput))
#9 C:\Users\Buzinaro\Teste\vendor\symfony\console\Application.php(262): Symfony\Component\Console\Application->doRunCommand(Object(Migrations\Command\Migrate), Object(Symfony\Component\Console\Input\ArgvInput), Object(Symfony\Component\Console\Output\ConsoleOutput))
#10 C:\Users\Buzinaro\Teste\vendor\symfony\console\Application.php(145): Symfony\Component\Console\Application->doRun(Object(Symfony\Component\Console\Input\ArgvInput), Object(Symfony\Component\Console\Output\ConsoleOutput))
#11 C:\Users\Buzinaro\Teste\vendor\cakephp\migrations\src\Shell\MigrationsShell.php(108): Symfony\Component\Console\Application->run(Object(Symfony\Component\Console\Input\ArgvInput), Object(Symfony\Component\Console\Output\ConsoleOutput))
#12 C:\Users\Buzinaro\Teste\vendor\cakephp\cakephp\src\Console\Shell.php(532): Migrations\Shell\MigrationsShell->main('migrations', 'migrate')
#13 C:\Users\Buzinaro\Teste\vendor\cakephp\migrations\src\Shell\MigrationsShell.php(164): Cake\Console\Shell->runCommand(Array, true, Array)
#14 C:\Users\Buzinaro\Teste\vendor\cakephp\cakephp\src\Console\CommandRunner.php(371): Migrations\Shell\MigrationsShell->runCommand(Array, true)
#15 C:\Users\Buzinaro\Teste\vendor\cakephp\cakephp\src\Console\CommandRunner.php(166): Cake\Console\CommandRunner->runShell(Object(Migrations\Shell\MigrationsShell), Array)
#16 C:\Users\Buzinaro\Teste\bin\cake.php(12): Cake\Console\CommandRunner->run(Array)
#17 {main}


Caused by: [PDOException] SQLSTATE[08006] [7] FATAL:  database "teste_dev" does not exist in C:\Users\Buzinaro\Teste\vendor\robmorgan\phinx\src\Phinx\Db\Adapter\PostgresAdapter.php on line 74
Stack Trace:
#0 C:\Users\Buzinaro\Teste\vendor\robmorgan\phinx\src\Phinx\Db\Adapter\PostgresAdapter.php(74): PDO->__construct('pgsql:host=loca...', 'postgres', '123', Array)
#1 C:\Users\Buzinaro\Teste\vendor\robmorgan\phinx\src\Phinx\Db\Adapter\PdoAdapter.php(136): Phinx\Db\Adapter\PostgresAdapter->connect()
#2 C:\Users\Buzinaro\Teste\vendor\robmorgan\phinx\src\Phinx\Db\Adapter\AdapterWrapper.php(469): Phinx\Db\Adapter\PdoAdapter->getConnection()
#3 C:\Users\Buzinaro\Teste\vendor\cakephp\migrations\src\CakeAdapter.php(56): Phinx\Db\Adapter\AdapterWrapper->getConnection()
#4 C:\Users\Buzinaro\Teste\vendor\cakephp\migrations\src\Command\CommandTrait.php(78): Migrations\CakeAdapter->__construct(Object(Phinx\Db\Adapter\TimedOutputAdapter), Object(Cake\Database\Connection))
#5 C:\Users\Buzinaro\Teste\vendor\robmorgan\phinx\src\Phinx\Console\Command\Migrate.php(74): Migrations\Command\Migrate->bootstrap(Object(Symfony\Component\Console\Input\ArgvInput), Object(Symfony\Component\Console\Output\ConsoleOutput))
#6 C:\Users\Buzinaro\Teste\vendor\cakephp\migrations\src\Command\CommandTrait.php(35): Phinx\Console\Command\Migrate->execute(Object(Symfony\Component\Console\Input\ArgvInput), Object(Symfony\Component\Console\Output\ConsoleOutput))
#7 C:\Users\Buzinaro\Teste\vendor\cakephp\migrations\src\Command\Migrate.php(67): Migrations\Command\Migrate->parentExecute(Object(Symfony\Component\Console\Input\ArgvInput), Object(Symfony\Component\Console\Output\ConsoleOutput))
#8 C:\Users\Buzinaro\Teste\vendor\symfony\console\Command\Command.php(255): Migrations\Command\Migrate->execute(Object(Symfony\Component\Console\Input\ArgvInput), Object(Symfony\Component\Console\Output\ConsoleOutput))
#9 C:\Users\Buzinaro\Teste\vendor\symfony\console\Application.php(901): Symfony\Component\Console\Command\Command->run(Object(Symfony\Component\Console\Input\ArgvInput), Object(Symfony\Component\Console\Output\ConsoleOutput))
#10 C:\Users\Buzinaro\Teste\vendor\symfony\console\Application.php(262): Symfony\Component\Console\Application->doRunCommand(Object(Migrations\Command\Migrate), Object(Symfony\Component\Console\Input\ArgvInput), Object(Symfony\Component\Console\Output\ConsoleOutput))
#11 C:\Users\Buzinaro\Teste\vendor\symfony\console\Application.php(145): Symfony\Component\Console\Application->doRun(Object(Symfony\Component\Console\Input\ArgvInput), Object(Symfony\Component\Console\Output\ConsoleOutput))
#12 C:\Users\Buzinaro\Teste\vendor\cakephp\migrations\src\Shell\MigrationsShell.php(108): Symfony\Component\Console\Application->run(Object(Symfony\Component\Console\Input\ArgvInput), Object(Symfony\Component\Console\Output\ConsoleOutput))
#13 C:\Users\Buzinaro\Teste\vendor\cakephp\cakephp\src\Console\Shell.php(532): Migrations\Shell\MigrationsShell->main('migrations', 'migrate')
#14 C:\Users\Buzinaro\Teste\vendor\cakephp\migrations\src\Shell\MigrationsShell.php(164): Cake\Console\Shell->runCommand(Array, true, Array)
#15 C:\Users\Buzinaro\Teste\vendor\cakephp\cakephp\src\Console\CommandRunner.php(371): Migrations\Shell\MigrationsShell->runCommand(Array, true)
#16 C:\Users\Buzinaro\Teste\vendor\cakephp\cakephp\src\Console\CommandRunner.php(166): Cake\Console\CommandRunner->runShell(Object(Migrations\Shell\MigrationsShell), Array)
#17 C:\Users\Buzinaro\Teste\bin\cake.php(12): Cake\Console\CommandRunner->run(Array)
#18 {main}


